[    1040ms] [ERROR] Failed to load resource: the server responded with a status of 500 () @ https://www.sergiomonsalve.com/es/portfolio/slogs:0
[    1540ms] Error: Minified React error #31; visit https://react.dev/errors/31?args[]=%5Bobject%20Date%5D for the full message or use the non-minified dev environment for full errors and additional helpful warnings.
    at lF (https://www.sergiomonsalve.com/_next/static/chunks/10~x95jhs6ns3.js:1:53898)
    at i (https://www.sergiomonsalve.com/_next/static/chunks/10~x95jhs6ns3.js:1:59247)
    at https://www.sergiomonsalve.com/_next/static/chunks/10~x95jhs6ns3.js:1:59445
    at oV (https://www.sergiomonsalve.com/_next/static/chunks/10~x95jhs6ns3.js:1:81685)
    at iu (https://www.sergiomonsalve.com/_next/static/chunks/10~x95jhs6ns3.js:1:98462)
    at sd (https://www.sergiomonsalve.com/_next/static/chunks/10~x95jhs6ns3.js:1:138944)
    at https://www.sergiomonsalve.com/_next/static/chunks/10~x95jhs6ns3.js:1:138789
    at sf (https://www.sergiomonsalve.com/_next/static/chunks/10~x95jhs6ns3.js:1:138797)
    at se (https://www.sergiomonsalve.com/_next/static/chunks/10~x95jhs6ns3.js:1:134718)
    at s$ (https://www.sergiomonsalve.com/_next/static/chunks/10~x95jhs6ns3.js:1:160495)
[    1674ms] [ERROR] Failed to load resource: the server responded with a status of 404 () @ https://www.sergiomonsalve.com/favicon.ico:0
[    5349ms] [WARNING] The resource https://www.sergiomonsalve.com/_next/static/media/83afe278b6a6bb3c-s.p.0q-301v4kxxnr.woff2 was preloaded using link preload but not used within a few seconds from the window's load event. Please make sure it has an appropriate `as` value and it is preloaded intentionally. @ https://www.sergiomonsalve.com/es/portfolio/slogs:0
[    5349ms] [WARNING] The resource https://www.sergiomonsalve.com/_next/static/media/70bc3e132a0a741e-s.p.1409xf.ylxg8g.woff2 was preloaded using link preload but not used within a few seconds from the window's load event. Please make sure it has an appropriate `as` value and it is preloaded intentionally. @ https://www.sergiomonsalve.com/es/portfolio/slogs:0
[    5349ms] [WARNING] The resource https://www.sergiomonsalve.com/_next/static/chunks/0d78-78g774gz.css was preloaded using link preload but not used within a few seconds from the window's load event. Please make sure it has an appropriate `as` value and it is preloaded intentionally. @ https://www.sergiomonsalve.com/es/portfolio/slogs:0
[   81539ms] [ERROR] Failed to load resource: the server responded with a status of 500 () @ https://www.sergiomonsalve.com/es/portfolio/slogs:0
[   81614ms] Error: Minified React error #31; visit https://react.dev/errors/31?args[]=%5Bobject%20Date%5D for the full message or use the non-minified dev environment for full errors and additional helpful warnings.
    at lF (https://www.sergiomonsalve.com/_next/static/chunks/10~x95jhs6ns3.js:1:53898)
    at i (https://www.sergiomonsalve.com/_next/static/chunks/10~x95jhs6ns3.js:1:59247)
    at https://www.sergiomonsalve.com/_next/static/chunks/10~x95jhs6ns3.js:1:59445
    at oV (https://www.sergiomonsalve.com/_next/static/chunks/10~x95jhs6ns3.js:1:81685)
    at iu (https://www.sergiomonsalve.com/_next/static/chunks/10~x95jhs6ns3.js:1:98462)
    at sd (https://www.sergiomonsalve.com/_next/static/chunks/10~x95jhs6ns3.js:1:138944)
    at https://www.sergiomonsalve.com/_next/static/chunks/10~x95jhs6ns3.js:1:138789
    at sf (https://www.sergiomonsalve.com/_next/static/chunks/10~x95jhs6ns3.js:1:138797)
    at se (https://www.sergiomonsalve.com/_next/static/chunks/10~x95jhs6ns3.js:1:134718)
    at s$ (https://www.sergiomonsalve.com/_next/static/chunks/10~x95jhs6ns3.js:1:160495)
[   84749ms] [WARNING] The resource https://www.sergiomonsalve.com/_next/static/media/83afe278b6a6bb3c-s.p.0q-301v4kxxnr.woff2 was preloaded using link preload but not used within a few seconds from the window's load event. Please make sure it has an appropriate `as` value and it is preloaded intentionally. @ https://www.sergiomonsalve.com/es/portfolio/slogs:0
[   84749ms] [WARNING] The resource https://www.sergiomonsalve.com/_next/static/media/70bc3e132a0a741e-s.p.1409xf.ylxg8g.woff2 was preloaded using link preload but not used within a few seconds from the window's load event. Please make sure it has an appropriate `as` value and it is preloaded intentionally. @ https://www.sergiomonsalve.com/es/portfolio/slogs:0
[   84749ms] [WARNING] The resource https://www.sergiomonsalve.com/_next/static/chunks/0d78-78g774gz.css was preloaded using link preload but not used within a few seconds from the window's load event. Please make sure it has an appropriate `as` value and it is preloaded intentionally. @ https://www.sergiomonsalve.com/es/portfolio/slogs:0
[  217272ms] An error occurred in the Server Components render. The specific message is omitted in production builds to avoid leaking sensitive details. A digest property is included on this error instance which may provide additional details about the nature of the error.
