[     153ms] [INFO] %cDownload the React DevTools for a better development experience: https://react.dev/link/react-devtools font-weight:bold @ http://localhost:3002/_next/static/chunks/node_modules_next_dist_115brz8._.js:2431
[     196ms] [LOG] [HMR] connected @ http://localhost:3002/_next/static/chunks/node_modules_next_dist_115brz8._.js:2431
[     235ms] [WARNING] Image with src "/portfolio/slogs.png" was detected as the Largest Contentful Paint (LCP). Please add the `loading="eager"` property if this image is above the fold.
Read more: https://nextjs.org/docs/app/api-reference/components/image#loading @ http://localhost:3002/_next/static/chunks/node_modules_next_dist_115brz8._.js:2431
[     243ms] [LOG] %c[Vercel Speed Insights]%c Debug mode is enabled by default in development. No requests will be sent to the server. color: rgb(120, 120, 120) color: inherit @ http://localhost:3002/_next/static/chunks/node_modules_next_dist_115brz8._.js:2431
[     244ms] [LOG] %c[Vercel Web Analytics]%c Debug mode is enabled by default in development. No requests will be sent to the server. color: rgb(120, 120, 120) color: inherit @ http://localhost:3002/_next/static/chunks/node_modules_next_dist_115brz8._.js:2431
[     244ms] [LOG] %c[Vercel Web Analytics]%c Running queued event color: rgb(120, 120, 120) color: inherit pageview {route: /[locale]/portfolio/[slug], path: /en/portfolio/slogs} @ http://localhost:3002/_next/static/chunks/node_modules_next_dist_115brz8._.js:2431
[     244ms] [LOG] %c[Vercel Web Analytics]%c [view] http://localhost:3002/en/portfolio/slogs color: rgb(120, 120, 120) color: inherit {o: http://localhost:3002/en/portfolio/slogs, sv: 0.1.3, sdkn: @vercel/analytics/next, sdkv: 2.0.1, ts: 1778521825634} /_vercel/insights/view @ http://localhost:3002/_next/static/chunks/node_modules_next_dist_115brz8._.js:2431
[   57052ms] [LOG] [Fast Refresh] rebuilding @ http://localhost:3002/_next/static/chunks/node_modules_next_dist_115brz8._.js:2431
[   57126ms] [LOG] [Fast Refresh] done in 20ms @ http://localhost:3002/_next/static/chunks/node_modules_next_dist_115brz8._.js:2431
[  123768ms] [LOG] %c[Vercel Speed Insights]%c [vitals] color: rgb(120, 120, 120) color: inherit {speed: 4g, metrics: Array(3), scriptVersion: 0.1.3, sdkName: @vercel/speed-insights/next, sdkVersion: 2.0.0} /_vercel/speed-insights/vitals @ http://localhost:3002/_next/static/chunks/node_modules_next_dist_115brz8._.js:2431
[  123768ms] [LOG] %c[Vercel Speed Insights]%c [vitals] color: rgb(120, 120, 120) color: inherit {speed: 4g, metrics: Array(1), scriptVersion: 0.1.3, sdkName: @vercel/speed-insights/next, sdkVersion: 2.0.0} /_vercel/speed-insights/vitals @ http://localhost:3002/_next/static/chunks/node_modules_next_dist_115brz8._.js:2431
[  123793ms] [INFO] %cDownload the React DevTools for a better development experience: https://react.dev/link/react-devtools font-weight:bold @ http://localhost:3002/_next/static/chunks/node_modules_next_dist_115brz8._.js:2431
[  123801ms] [LOG] [HMR] connected @ http://localhost:3002/_next/static/chunks/node_modules_next_dist_115brz8._.js:2431
[  123819ms] [WARNING] Image with src "/portfolio/slogs.png" was detected as the Largest Contentful Paint (LCP). Please add the `loading="eager"` property if this image is above the fold.
Read more: https://nextjs.org/docs/app/api-reference/components/image#loading @ http://localhost:3002/_next/static/chunks/node_modules_next_dist_115brz8._.js:2431
[  123821ms] [LOG] %c[Vercel Speed Insights]%c Debug mode is enabled by default in development. No requests will be sent to the server. color: rgb(120, 120, 120) color: inherit @ http://localhost:3002/_next/static/chunks/node_modules_next_dist_115brz8._.js:2431
[  123821ms] [LOG] %c[Vercel Web Analytics]%c Debug mode is enabled by default in development. No requests will be sent to the server. color: rgb(120, 120, 120) color: inherit @ http://localhost:3002/_next/static/chunks/node_modules_next_dist_115brz8._.js:2431
[  123821ms] [LOG] %c[Vercel Web Analytics]%c Running queued event color: rgb(120, 120, 120) color: inherit pageview {route: /[locale]/portfolio/[slug], path: /en/portfolio/slogs} @ http://localhost:3002/_next/static/chunks/node_modules_next_dist_115brz8._.js:2431
[  123821ms] [LOG] %c[Vercel Web Analytics]%c [view] http://localhost:3002/en/portfolio/slogs color: rgb(120, 120, 120) color: inherit {o: http://localhost:3002/en/portfolio/slogs, sv: 0.1.3, sdkn: @vercel/analytics/next, sdkv: 2.0.1, ts: 1778521949211} /_vercel/insights/view @ http://localhost:3002/_next/static/chunks/node_modules_next_dist_115brz8._.js:2431
[  131496ms] [LOG] %c[Vercel Speed Insights]%c [vitals] color: rgb(120, 120, 120) color: inherit {speed: 4g, metrics: Array(4), scriptVersion: 0.1.3, sdkName: @vercel/speed-insights/next, sdkVersion: 2.0.0} /_vercel/speed-insights/vitals @ http://localhost:3002/_next/static/chunks/node_modules_next_dist_115brz8._.js:2431
[  131511ms] [LOG] %c[Vercel Web Analytics]%c [view] http://localhost:3002/en color: rgb(120, 120, 120) color: inherit {o: http://localhost:3002/en, sv: 0.1.3, sdkn: @vercel/analytics/next, sdkv: 2.0.1, ts: 1778521956901} /_vercel/insights/view @ http://localhost:3002/_next/static/chunks/node_modules_next_dist_115brz8._.js:2431
[  131523ms] [WARNING] Image with src "/about/sergio-profile.jpg" has "fill" but is missing "sizes" prop. Please add it to improve page performance. Read more: https://nextjs.org/docs/api-reference/next/image#sizes @ http://localhost:3002/_next/static/chunks/node_modules_next_dist_115brz8._.js:2431
[  133164ms] [LOG] %c[Vercel Speed Insights]%c [vitals] color: rgb(120, 120, 120) color: inherit {speed: 4g, metrics: Array(1), scriptVersion: 0.1.3, sdkName: @vercel/speed-insights/next, sdkVersion: 2.0.0} /_vercel/speed-insights/vitals @ http://localhost:3002/_next/static/chunks/node_modules_next_dist_115brz8._.js:2431
[  133165ms] [LOG] %c[Vercel Speed Insights]%c [vitals] color: rgb(120, 120, 120) color: inherit {speed: 4g, metrics: Array(1), scriptVersion: 0.1.3, sdkName: @vercel/speed-insights/next, sdkVersion: 2.0.0} /_vercel/speed-insights/vitals @ http://localhost:3002/_next/static/chunks/node_modules_next_dist_115brz8._.js:2431
