[    6162ms] [WARNING] ConfigCat - WARN - [3000] There is an existing client instance for the specified SDK Key. No new client instance will be created and the specified options are ignored. Returning the existing client instance. SDK Key: 'configcat-proxy/frontend-v2'. @ https://frontend-assets.supabase.com/www/978fa7bdfb5d/_next/static/chunks/pages/_app-d95cf25bc1aac870.js?dpl=dpl_7gvfe1ekvfgzi42VHDwhPpQYMtwM:0
[    6173ms] [WARNING] ConfigCat - WARN - [3003] Cannot evaluate condition (User.cloud_provider EQUALS '<hashed value>') for setting 'enableSmartRegion' (the User.cloud_provider attribute is missing). You should set the User.cloud_provider attribute in order to make targeting work properly. Read more: https://configcat.com/docs/advanced/user-object/ @ https://frontend-assets.supabase.com/www/978fa7bdfb5d/_next/static/chunks/pages/_app-d95cf25bc1aac870.js?dpl=dpl_7gvfe1ekvfgzi42VHDwhPpQYMtwM:0
[    6174ms] [WARNING] ConfigCat - WARN - [3003] Cannot evaluate condition (User.cloud_provider EQUALS '<hashed value>') for setting 'enableSmartRegion' (the User.cloud_provider attribute is missing). You should set the User.cloud_provider attribute in order to make targeting work properly. Read more: https://configcat.com/docs/advanced/user-object/ @ https://frontend-assets.supabase.com/www/978fa7bdfb5d/_next/static/chunks/pages/_app-d95cf25bc1aac870.js?dpl=dpl_7gvfe1ekvfgzi42VHDwhPpQYMtwM:0
[   13495ms] [LOG] Supabase Studio is running commit 978fa7bdfb5d364285ce1c4bacc836440f0d10bc deployed at 2026-05-08 16:49:25 -05:00. @ https://frontend-assets.supabase.com/studio/978fa7bdfb5d/_next/static/chunks/0wz~f2pxngvlu.js?dpl=dpl_5Wb1wiZjZeoMgWCQyEoEtCMP3jUX:12
[   13770ms] [ERROR] Flag key "headerUpgradeCta" does not exist in PostHog flag store @ https://frontend-assets.supabase.com/studio/978fa7bdfb5d/_next/static/chunks/0wz~f2pxngvlu.js?dpl=dpl_5Wb1wiZjZeoMgWCQyEoEtCMP3jUX:12
[   15426ms] [LOG] Supabase Studio is running commit 978fa7bdfb5d364285ce1c4bacc836440f0d10bc deployed at 2026-05-08 16:49:25 -05:00. @ https://frontend-assets.supabase.com/studio/978fa7bdfb5d/_next/static/chunks/0wz~f2pxngvlu.js?dpl=dpl_5Wb1wiZjZeoMgWCQyEoEtCMP3jUX:12
[   15439ms] [ERROR] Flag key "headerUpgradeCta" does not exist in PostHog flag store @ https://frontend-assets.supabase.com/studio/978fa7bdfb5d/_next/static/chunks/0wz~f2pxngvlu.js?dpl=dpl_5Wb1wiZjZeoMgWCQyEoEtCMP3jUX:12
[   15473ms] [ERROR] Flag key "headerUpgradeCta" does not exist in PostHog flag store @ https://frontend-assets.supabase.com/studio/978fa7bdfb5d/_next/static/chunks/0wz~f2pxngvlu.js?dpl=dpl_5Wb1wiZjZeoMgWCQyEoEtCMP3jUX:12
[   15480ms] [ERROR] Flag key "headerUpgradeCta" does not exist in PostHog flag store @ https://frontend-assets.supabase.com/studio/978fa7bdfb5d/_next/static/chunks/0wz~f2pxngvlu.js?dpl=dpl_5Wb1wiZjZeoMgWCQyEoEtCMP3jUX:12
[   15967ms] [WARNING] [Warning] Please install/enable Redux devtools extension @ https://frontend-assets.supabase.com/studio/978fa7bdfb5d/_next/static/chunks/0wz~f2pxngvlu.js?dpl=dpl_5Wb1wiZjZeoMgWCQyEoEtCMP3jUX:12
[   15997ms] [ERROR] Flag key "headerUpgradeCta" does not exist in PostHog flag store @ https://frontend-assets.supabase.com/studio/978fa7bdfb5d/_next/static/chunks/0wz~f2pxngvlu.js?dpl=dpl_5Wb1wiZjZeoMgWCQyEoEtCMP3jUX:12
[   16904ms] [ERROR] Flag key "headerUpgradeCta" does not exist in PostHog flag store @ https://frontend-assets.supabase.com/studio/978fa7bdfb5d/_next/static/chunks/0wz~f2pxngvlu.js?dpl=dpl_5Wb1wiZjZeoMgWCQyEoEtCMP3jUX:12
[   17083ms] [ERROR] Flag key "headerUpgradeCta" does not exist in PostHog flag store @ https://frontend-assets.supabase.com/studio/978fa7bdfb5d/_next/static/chunks/0wz~f2pxngvlu.js?dpl=dpl_5Wb1wiZjZeoMgWCQyEoEtCMP3jUX:12
[   17125ms] [ERROR] Flag key "headerUpgradeCta" does not exist in PostHog flag store @ https://frontend-assets.supabase.com/studio/978fa7bdfb5d/_next/static/chunks/0wz~f2pxngvlu.js?dpl=dpl_5Wb1wiZjZeoMgWCQyEoEtCMP3jUX:12
[   17528ms] [ERROR] Flag key "headerUpgradeCta" does not exist in PostHog flag store @ https://frontend-assets.supabase.com/studio/978fa7bdfb5d/_next/static/chunks/0wz~f2pxngvlu.js?dpl=dpl_5Wb1wiZjZeoMgWCQyEoEtCMP3jUX:12
[   27500ms] [ERROR] Flag key "headerUpgradeCta" does not exist in PostHog flag store @ https://frontend-assets.supabase.com/studio/978fa7bdfb5d/_next/static/chunks/0wz~f2pxngvlu.js?dpl=dpl_5Wb1wiZjZeoMgWCQyEoEtCMP3jUX:12
[   27526ms] [ERROR] Flag key "headerUpgradeCta" does not exist in PostHog flag store @ https://frontend-assets.supabase.com/studio/978fa7bdfb5d/_next/static/chunks/0wz~f2pxngvlu.js?dpl=dpl_5Wb1wiZjZeoMgWCQyEoEtCMP3jUX:12
[   32658ms] [ERROR] Flag key "headerUpgradeCta" does not exist in PostHog flag store @ https://frontend-assets.supabase.com/studio/978fa7bdfb5d/_next/static/chunks/0wz~f2pxngvlu.js?dpl=dpl_5Wb1wiZjZeoMgWCQyEoEtCMP3jUX:12
[   57799ms] [ERROR] Flag key "headerUpgradeCta" does not exist in PostHog flag store @ https://frontend-assets.supabase.com/studio/978fa7bdfb5d/_next/static/chunks/0wz~f2pxngvlu.js?dpl=dpl_5Wb1wiZjZeoMgWCQyEoEtCMP3jUX:12
[   57992ms] [ERROR] Flag key "headerUpgradeCta" does not exist in PostHog flag store @ https://frontend-assets.supabase.com/studio/978fa7bdfb5d/_next/static/chunks/0wz~f2pxngvlu.js?dpl=dpl_5Wb1wiZjZeoMgWCQyEoEtCMP3jUX:12
[   58162ms] [VERBOSE] [DOM] Password field is not contained in a form: (More info: https://goo.gl/9p2vKq) @ https://supabase.com/dashboard/project/orlniujfwolyinsuezcu/settings/api-keys/legacy:0
