[    1048ms] [VERBOSE] [DOM] Multiple forms should be contained in their own form elements; break up complex forms into ones that represent a single action: (More info: https://goo.gl/9p2vKq) %o @ https://www.namecheap.com/myaccount/login/?ReturnUrl=%2fdomains%2fdomaincontrolpanel%2fsergiomonsalve.com%2fadvancedns:0
[    1062ms] [ERROR] Failed to load resource: the server responded with a status of 404 () @ https://files.namecheap.com/cdn/1275/assets/css/fonts/gb-icon.woff2:0
[    1062ms] [ERROR] Failed to load resource: the server responded with a status of 404 () @ https://files.namecheap.com/cdn/1275/assets/css/fonts/museo-sans-300-webfont.woff2:0
[    1062ms] [ERROR] Failed to load resource: the server responded with a status of 404 () @ https://files.namecheap.com/cdn/1275/assets/css/fonts/museo-sans-700-webfont.woff2:0
[    1062ms] [ERROR] Failed to load resource: the server responded with a status of 404 () @ https://files.namecheap.com/cdn/1275/assets/css/fonts/gb-icon-font.woff2:0
[    1062ms] [ERROR] Failed to load resource: the server responded with a status of 404 () @ https://files.namecheap.com/cdn/1275/assets/css/fonts/museo-sans-500-webfont.woff2:0
[    1326ms] Uncaught SyntaxError: Invalid regular expression: /^/support(/: Unterminated group
    at <anonymous> (https://files.namecheap.com/cdn/0/assets/js/v1275.global-script.min.js:81:9061)
    at <anonymous> (https://cdn.engagement.ai/production/static/js/sdk/chatSDK.9bd9fc5a78085cdcfb47.js:0:19648)
    at isPageMatching (https://cdn.engagement.ai/production/static/js/sdk/chatSDK.9bd9fc5a78085cdcfb47.js:0:19500)
    at isPageAllowed (https://cdn.engagement.ai/production/static/js/sdk/chatSDK.9bd9fc5a78085cdcfb47.js:0:19796)
    at T.shouldRemoveWidget (https://cdn.engagement.ai/production/static/js/sdk/chatSDK.9bd9fc5a78085cdcfb47.js:0:6848)
    at T.initEngagementPlatform (https://cdn.engagement.ai/production/static/js/sdk/chatSDK.9bd9fc5a78085cdcfb47.js:0:6270)
    at T.registerHandlers (https://cdn.engagement.ai/production/static/js/sdk/chatSDK.9bd9fc5a78085cdcfb47.js:0:6503)
    at init (https://cdn.engagement.ai/production/static/js/sdk/chatSDK.9bd9fc5a78085cdcfb47.js:0:8541)
    at <anonymous> (https://cdn.engagement.ai/production/static/js/sdk/chatSDK.9bd9fc5a78085cdcfb47.js:0:32109)
    at n (https://cdn.engagement.ai/production/static/js/sdk/chatSDK.9bd9fc5a78085cdcfb47.js:0:109)
    at <anonymous> (https://cdn.engagement.ai/production/static/js/sdk/chatSDK.9bd9fc5a78085cdcfb47.js:0:901)
    at <anonymous> (https://cdn.engagement.ai/production/static/js/sdk/chatSDK.9bd9fc5a78085cdcfb47.js:0:911)
[    3092ms] [ERROR] Access to script at 'https://connect.facebook.net/en_US/fbevents.js' from origin 'https://www.namecheap.com' has been blocked by CORS policy: No 'Access-Control-Allow-Origin' header is present on the requested resource. @ https://www.namecheap.com/myaccount/login/?ReturnUrl=%2fdomains%2fdomaincontrolpanel%2fsergiomonsalve.com%2fadvancedns:0
[    3092ms] [ERROR] Failed to load resource: net::ERR_FAILED @ https://connect.facebook.net/en_US/fbevents.js:0
[   62244ms] SyntaxError: Invalid regular expression: /^/support(/: Unterminated group
    at String.match (<anonymous>)
    at String.<anonymous> (https://files.namecheap.com/cdn/0/assets/js/v1275.global-script.min.js:82:9062)
    at https://cdn.engagement.ai/production/static/js/sdk/chatSDK.9bd9fc5a78085cdcfb47.js:1:19649
    at Array.some (<anonymous>)
    at r.isPageMatching (https://cdn.engagement.ai/production/static/js/sdk/chatSDK.9bd9fc5a78085cdcfb47.js:1:19501)
    at r.isPageAllowed (https://cdn.engagement.ai/production/static/js/sdk/chatSDK.9bd9fc5a78085cdcfb47.js:1:19797)
    at T.shouldRemoveWidget (https://cdn.engagement.ai/production/static/js/sdk/chatSDK.9bd9fc5a78085cdcfb47.js:1:6849)
    at T.initEngagementPlatform (https://cdn.engagement.ai/production/static/js/sdk/chatSDK.9bd9fc5a78085cdcfb47.js:1:6271)
    at HTMLDocument.nrWrapper (<anonymous>:1:16540)
[   64368ms] [ERROR] Access to script at 'https://connect.facebook.net/en_US/fbevents.js' from origin 'https://ap.www.namecheap.com' has been blocked by CORS policy: No 'Access-Control-Allow-Origin' header is present on the requested resource. @ https://ap.www.namecheap.com/domains/domaincontrolpanel/sergiomonsalve.com/advancedns:0
[   64368ms] [ERROR] Failed to load resource: net::ERR_FAILED @ https://connect.facebook.net/en_US/fbevents.js:0
