[     910ms] [LOG] %c
▲

__  __                                     _            __
\ \/ /___  __  __   _________ _____       (_)_  _______/ /_
 \  / __ \/ / / /  / ___/ __ `/ __ \     / / / / / ___/ __/
 / / /_/ / /_/ /  / /__/ /_/ / / / /    / / /_/ (__  ) /_
/_/\____/\__,_/   \___/\__,_/_/ /_/  __/ /\__,_/____/\__/
         __    _          __  __    /___/
   _____/ /_  (_)___     / /_/ /_  (_)___  ____ ______
  / ___/ __ \/ / __ \   / __/ __ \/ / __ \/ __ `/ ___/
 (__  ) / / / / /_/ /  / /_/ / / / / / / / /_/ (__  )
/____/_/ /_/_/ .___/   \__/_/ /_/_/_/ /_/\__, /____/
            /_/                         /____/
  

Hello!

- Open Source https://vercel.com/oss
- Careers https://vercel.com/careers
- Status https://vercel-status.com

 font-family: "Geist Mono", monospace; white-space: pre; line-height: 1; @ https://vercel.com/_next/static/chunks/1l29vw7u8_irq.js?dpl=dpl_Ft4DynCXjXFtA4ghJxmsQXTApx4Z:78
[    1257ms] [WARNING] [GSI_LOGGER]: Your client application uses one of the Google One Tap prompt UI status methods that may stop functioning when FedCM becomes mandatory. Refer to the migration guide to update your code accordingly and opt-in to FedCM to test your changes. Learn more: https://developers.google.com/identity/gsi/web/guides/fedcm-migration?s=dc#display_moment and https://developers.google.com/identity/gsi/web/guides/fedcm-migration?s=dc#skipped_moment @ https://accounts.google.com/gsi/client:84
[    1346ms] [ERROR] Failed to load resource: the server responded with a status of 403 () @ https://vercel.com/api/jwt:0
[    1417ms] [WARNING] Deprecated API for given entry type. @ https://vercel.com/_next/static/chunks/24660xudx800e.js?dpl=dpl_Ft4DynCXjXFtA4ghJxmsQXTApx4Z:18
[    5158ms] [WARNING] The resource https://vercel.com/_next/static/chunks/1p5izfwffeffh.css?dpl=dpl_Ft4DynCXjXFtA4ghJxmsQXTApx4Z was preloaded using link preload but not used within a few seconds from the window's load event. Please make sure it has an appropriate `as` value and it is preloaded intentionally. @ https://vercel.com/login?next=%2Fsmonsalve-5966s-projects%2Fsergiomonsalve.com%2Fsettings%2Fgit:0
[    5158ms] [WARNING] The resource https://vercel.com/_next/static/chunks/09f00n8m302ia.css?dpl=dpl_Ft4DynCXjXFtA4ghJxmsQXTApx4Z was preloaded using link preload but not used within a few seconds from the window's load event. Please make sure it has an appropriate `as` value and it is preloaded intentionally. @ https://vercel.com/login?next=%2Fsmonsalve-5966s-projects%2Fsergiomonsalve.com%2Fsettings%2Fgit:0
[    5158ms] [WARNING] The resource https://vercel.com/_next/static/media/ebay-light.3ft_ki8203ov0.svg?dpl=dpl_Ft4DynCXjXFtA4ghJxmsQXTApx4Z was preloaded using link preload but not used within a few seconds from the window's load event. Please make sure it has an appropriate `as` value and it is preloaded intentionally. @ https://vercel.com/login?next=%2Fsmonsalve-5966s-projects%2Fsergiomonsalve.com%2Fsettings%2Fgit:0
[    5158ms] [WARNING] The resource https://vercel.com/_next/static/media/adobe-light.406_7oryl71va.svg?dpl=dpl_Ft4DynCXjXFtA4ghJxmsQXTApx4Z was preloaded using link preload but not used within a few seconds from the window's load event. Please make sure it has an appropriate `as` value and it is preloaded intentionally. @ https://vercel.com/login?next=%2Fsmonsalve-5966s-projects%2Fsergiomonsalve.com%2Fsettings%2Fgit:0
[    5158ms] [WARNING] The resource https://vercel.com/_next/static/media/stripe-light.2l_1jctpe6k_4.svg?dpl=dpl_Ft4DynCXjXFtA4ghJxmsQXTApx4Z was preloaded using link preload but not used within a few seconds from the window's load event. Please make sure it has an appropriate `as` value and it is preloaded intentionally. @ https://vercel.com/login?next=%2Fsmonsalve-5966s-projects%2Fsergiomonsalve.com%2Fsettings%2Fgit:0
[    5158ms] [WARNING] The resource https://vercel.com/_next/static/media/ebay-dark.34mho2a18qqlt.svg?dpl=dpl_Ft4DynCXjXFtA4ghJxmsQXTApx4Z was preloaded using link preload but not used within a few seconds from the window's load event. Please make sure it has an appropriate `as` value and it is preloaded intentionally. @ https://vercel.com/login?next=%2Fsmonsalve-5966s-projects%2Fsergiomonsalve.com%2Fsettings%2Fgit:0
[    5158ms] [WARNING] The resource https://vercel.com/_next/static/media/stripe-dark.16ozjth2vgb_3.svg?dpl=dpl_Ft4DynCXjXFtA4ghJxmsQXTApx4Z was preloaded using link preload but not used within a few seconds from the window's load event. Please make sure it has an appropriate `as` value and it is preloaded intentionally. @ https://vercel.com/login?next=%2Fsmonsalve-5966s-projects%2Fsergiomonsalve.com%2Fsettings%2Fgit:0
[    8134ms] [LOG] %c
▲

 _____ _              _                    _   _             __
|_   _| |__   ___    / \   __ _  ___ _ __ | |_(_) ___       / /
  | | | '_ \ / _ \  / _ \ / _` |/ _ \ '_ \| __| |/ __|     / /
  | | | | | |  __/ / ___ \ (_| |  __/ | | | |_| | (__     /_/
  |_| |_| |_|\___|/_/   \_\__, |\___|_| |_|\__|_|\___|    (_)
                           |___/
 ___        __               _                   _                 _
|_ _|_ __  / _|_ __ __ _ ___| |_ _ __ _   _  ___| |_ _   _ _ __ ___
 | || '_ \| |_| '__/ _` / __| __| '__| | | |/ __| __| | | | '__/ _ \
 | || | | |  _| | | (_| \__ \ |_| |  | |_| | (__| |_| |_| | | |  __/
|___|_| |_|_| |_|  \__,_|___/\__|_|   \__,_|\___|\__|\__,_|_|  \___|
  

Hello!

- Open Source https://vercel.com/oss
- Careers https://vercel.com/careers
- Status https://vercel-status.com

 font-family: "Geist Mono", monospace; white-space: pre; line-height: 1; @ https://vercel.com/_next/static/chunks/0-ql08uahvm61.js?dpl=dpl_Ft4DynCXjXFtA4ghJxmsQXTApx4Z:78
[    8277ms] [WARNING] Deprecated API for given entry type. @ https://vercel.com/_next/static/chunks/0p4bfob-v5nr-.js?dpl=dpl_Ft4DynCXjXFtA4ghJxmsQXTApx4Z:18
[    8417ms] [ERROR] Failed to load resource: the server responded with a status of 403 () @ https://vercel.com/api/jwt:0
[    9677ms] [LOG] %c
▲

 _____ _              _                    _   _             __
|_   _| |__   ___    / \   __ _  ___ _ __ | |_(_) ___       / /
  | | | '_ \ / _ \  / _ \ / _` |/ _ \ '_ \| __| |/ __|     / /
  | | | | | |  __/ / ___ \ (_| |  __/ | | | |_| | (__     /_/
  |_| |_| |_|\___|/_/   \_\__, |\___|_| |_|\__|_|\___|    (_)
                           |___/
 ___        __               _                   _                 _
|_ _|_ __  / _|_ __ __ _ ___| |_ _ __ _   _  ___| |_ _   _ _ __ ___
 | || '_ \| |_| '__/ _` / __| __| '__| | | |/ __| __| | | | '__/ _ \
 | || | | |  _| | | (_| \__ \ |_| |  | |_| | (__| |_| |_| | | |  __/
|___|_| |_|_| |_|  \__,_|___/\__|_|   \__,_|\___|\__|\__,_|_|  \___|
  

Hello!

- Open Source https://vercel.com/oss
- Careers https://vercel.com/careers
- Status https://vercel-status.com

 font-family: "Geist Mono", monospace; white-space: pre; line-height: 1; @ https://vercel.com/_next/static/chunks/1l29vw7u8_irq.js?dpl=dpl_Ft4DynCXjXFtA4ghJxmsQXTApx4Z:78
[   10031ms] [WARNING] iso_swr: SSR fetch failed for "/v1/dashboard/projects/sergiomonsalve.com?teamId=smonsalve-5966s-projects" {error: iso_swr_fetch_error, message: Not authorized} @ https://vercel.com/smonsalve-5966s-projects/sergiomonsalve.com/settings/git:543
[   10031ms] [WARNING] iso_swr: SSR fetch failed for "/api/v8/projects?includePermissions=false&latestDeployments=0&limit=10&search=&slug=smonsalve-5966s-projects" {error: iso_swr_fetch_error, message: Not authorized} @ https://vercel.com/smonsalve-5966s-projects/sergiomonsalve.com/settings/git:543
[   10059ms] [WARNING] iso_swr: SSR fetch failed for "/api/v9/projects/sergiomonsalve.com?latestDeployments=0&rollbackInfo=true&teamId=smonsalve-5966s-projects" {error: iso_swr_fetch_error, message: Not authorized} @ https://vercel.com/smonsalve-5966s-projects/sergiomonsalve.com/settings/git:581
[   10095ms] [WARNING] iso_swr: SSR fetch failed for "/api/v2/teams/smonsalve-5966s-projects" {error: iso_swr_fetch_error, message: Not authorized} @ https://vercel.com/smonsalve-5966s-projects/sergiomonsalve.com/settings/git:619
[   10152ms] [WARNING] iso_swr[warn] [client] fallback error for key: "/api/v2/teams/smonsalve-5966s-projects" {error: iso_swr_fetch_error, message: Not authorized} @ https://vercel.com/_next/static/chunks/37h-xddbd5aw-.js?dpl=dpl_Ft4DynCXjXFtA4ghJxmsQXTApx4Z:6
[   10284ms] [WARNING] iso_swr[warn] [client] fallback error for key: "/v1/dashboard/projects/sergiomonsalve.com?teamId=smonsalve-5966s-projects" {error: iso_swr_fetch_error, message: Not authorized} @ https://vercel.com/_next/static/chunks/37h-xddbd5aw-.js?dpl=dpl_Ft4DynCXjXFtA4ghJxmsQXTApx4Z:6
[   10640ms] [ERROR] Failed to load resource: the server responded with a status of 403 () @ https://vercel.com/api/v1/dashboard/projects/sergiomonsalve.com?teamId=smonsalve-5966s-projects:0
[   10818ms] [ERROR] Failed to load resource: the server responded with a status of 403 () @ https://vercel.com/api/v2/dashboard/projects?favorites=1&limit=25&teamId=smonsalve-5966s-projects:0
[   10829ms] [ERROR] Failed to load resource: the server responded with a status of 403 () @ https://vercel.com/api/recents?hydrateLimit=30&limit=7&teamId=smonsalve-5966s-projects&type=preview:0
[   10849ms] [ERROR] Failed to load resource: the server responded with a status of 403 () @ https://vercel.com/api/v2/teams/smonsalve-5966s-projects:0
[   10997ms] [ERROR] CustomFetchError: Not authorized
    at d (https://vercel.com/_next/static/chunks/23mcukiurl28h.js?dpl=dpl_Ft4DynCXjXFtA4ghJxmsQXTApx4Z:2:22362) @ https://vercel.com/_next/static/chunks/1l29vw7u8_irq.js?dpl=dpl_Ft4DynCXjXFtA4ghJxmsQXTApx4Z:108
[   11019ms] [WARNING] Deprecated API for given entry type. @ https://vercel.com/_next/static/chunks/24660xudx800e.js?dpl=dpl_Ft4DynCXjXFtA4ghJxmsQXTApx4Z:18
[   11315ms] [ERROR] Failed to load resource: the server responded with a status of 403 () @ https://vercel.com/api/user/permissions?projectIdOrName=sergiomonsalve.com&slug=smonsalve-5966s-projects:0
[   14560ms] [WARNING] The resource https://vercel.com/_next/static/chunks/3d792zqltro0t.css?dpl=dpl_Ft4DynCXjXFtA4ghJxmsQXTApx4Z was preloaded using link preload but not used within a few seconds from the window's load event. Please make sure it has an appropriate `as` value and it is preloaded intentionally. @ https://vercel.com/smonsalve-5966s-projects/sergiomonsalve.com/settings/git:0
[   16572ms] [ERROR] Failed to load resource: the server responded with a status of 403 () @ https://vercel.com/api/user/permissions?projectIdOrName=sergiomonsalve.com&slug=smonsalve-5966s-projects:0
[   19574ms] [WARNING] The resource https://vercel.com/_next/static/chunks/3d792zqltro0t.css?dpl=dpl_Ft4DynCXjXFtA4ghJxmsQXTApx4Z was preloaded using link preload but not used within a few seconds from the window's load event. Please make sure it has an appropriate `as` value and it is preloaded intentionally. @ https://vercel.com/smonsalve-5966s-projects/sergiomonsalve.com/settings/git:0
[   24366ms] [WARNING] The resource https://vercel.com/_next/static/chunks/3d792zqltro0t.css?dpl=dpl_Ft4DynCXjXFtA4ghJxmsQXTApx4Z was preloaded using link preload but not used within a few seconds from the window's load event. Please make sure it has an appropriate `as` value and it is preloaded intentionally. @ https://vercel.com/smonsalve-5966s-projects/sergiomonsalve.com/settings/git:0
[   31816ms] [ERROR] Failed to load resource: the server responded with a status of 403 () @ https://vercel.com/api/user/permissions?projectIdOrName=sergiomonsalve.com&slug=smonsalve-5966s-projects:0
[   34818ms] [WARNING] The resource https://vercel.com/_next/static/chunks/3d792zqltro0t.css?dpl=dpl_Ft4DynCXjXFtA4ghJxmsQXTApx4Z was preloaded using link preload but not used within a few seconds from the window's load event. Please make sure it has an appropriate `as` value and it is preloaded intentionally. @ https://vercel.com/smonsalve-5966s-projects/sergiomonsalve.com/settings/git:0
